<?xml version="1.0" encoding="UTF-8"?>
<!-- Generated by org.testng.reporters.JUnitXMLReporter -->
<testsuite ignored="2" hostname="Admin" failures="1" tests="4" name="Test" time="0.068" errors="0" timestamp="2024-09-17T11:18:38 IST">
  <testcase classname="TestNG.day4" name="LoginAPIHomeLoan" time="0.013"/>
  <testcase classname="TestNG.day2" name="loan" time="0.011"/>
  <testcase classname="TestNG.day1" name="Demo" time="0.027">
    <failure type="java.lang.AssertionError" message="expected [true] but found [false]">
      <![CDATA[java.lang.AssertionError: expected [true] but found [false]
at TestNG.day1.Demo(day1.java:38)
at java.base/java.util.concurrent.ThreadPoolExecutor.runWorker(ThreadPoolExecutor.java:1144)
at java.base/java.util.concurrent.ThreadPoolExecutor$Worker.run(ThreadPoolExecutor.java:642)
at java.base/java.lang.Thread.run(Thread.java:1583)
... Removed 14 stack frames]]>
    </failure>
  </testcase> <!-- Demo -->
  <testcase classname="TestNG.day1" name="secondTest" time="0.001"/>
  <testcase classname="TestNG.day4" name="MobileLoginHomeLoan" time="0.0">
    <ignored/>
  </testcase> <!-- MobileLoginHomeLoan -->
  <testcase classname="TestNG.day4" name="WebLoginHomeLogin" time="0.0">
    <ignored/>
  </testcase> <!-- WebLoginHomeLogin -->
</testsuite> <!-- Test -->
