<?xml version="1.0" encoding="UTF-8"?>
<!-- Generated by org.testng.reporters.JUnitXMLReporter -->
<testsuite ignored="7" hostname="Admin" failures="0" tests="4" name="Regression" time="0.032" errors="0" timestamp="2024-09-16T11:36:06 IST">
  <testcase classname="TestNG.day1" name="Demo" time="0.006"/>
  <testcase classname="TestNG.day2" name="loan" time="0.001"/>
  <testcase classname="TestNG.day3" name="WebLoginCarLogin" time="0.001"/>
  <testcase classname="TestNG.day4" name="LoginAPIHomeLoan" time="0.001"/>
  <testcase classname="TestNG.day3" name="LoginAPICarLoan" time="0.0">
    <ignored/>
  </testcase> <!-- LoginAPICarLoan -->
  <testcase classname="TestNG.day1" name="secondTest" time="0.0">
    <ignored/>
  </testcase> <!-- secondTest -->
  <testcase classname="TestNG.day3" name="MobileLoginCarLoan" time="0.0">
    <ignored/>
  </testcase> <!-- MobileLoginCarLoan -->
  <testcase classname="TestNG.day4" name="MobileLoginHomeLoan" time="0.0">
    <ignored/>
  </testcase> <!-- MobileLoginHomeLoan -->
  <testcase classname="TestNG.day3" name="MobileSignInCarLoan" time="0.0">
    <ignored/>
  </testcase> <!-- MobileSignInCarLoan -->
  <testcase classname="TestNG.day4" name="WebLoginHomeLogin" time="0.0">
    <ignored/>
  </testcase> <!-- WebLoginHomeLogin -->
  <testcase classname="TestNG.day3" name="MobileSignOutCarLoan" time="0.0">
    <ignored/>
  </testcase> <!-- MobileSignOutCarLoan -->
</testsuite> <!-- Regression -->
